2017-07-14 11:43:02,950 [Worker-6] INFO  o.e.m.c.i.l.LifecycleMappingFactory - Using NULL lifecycle mapping for MavenProject: com.example.Healthcare:Healthcare:1.0.0 @ /Users/nuwanw/wso2/git/nuwanw/sample-code/workspace/Healthcare-System/Healthcare/pom.xml.
2017-07-14 11:43:03,563 [Worker-6] INFO  o.e.m.c.i.l.LifecycleMappingFactory - Using NULL lifecycle mapping for MavenProject: com.sample:Healthcare-System:1.0.0 @ /Users/nuwanw/wso2/git/nuwanw/sample-code/workspace/Healthcare-System/pom.xml.
2017-07-14 11:43:04,407 [Worker-6] INFO  o.e.m.c.i.l.LifecycleMappingFactory - Using NULL lifecycle mapping for MavenProject: com.example.HealthcareRegistry:HealthcareRegistry:1.0.0 @ /Users/nuwanw/wso2/git/nuwanw/sample-code/workspace/Healthcare-System/HealthcareRegistry/pom.xml.
2017-07-14 11:43:05,900 [Worker-3] INFO  o.e.m.c.i.l.LifecycleMappingFactory - Using NULL lifecycle mapping for MavenProject: com.example.Healthcare:Healthcare:1.0.0 @ /Users/nuwanw/wso2/git/nuwanw/sample-code/workspace/Healthcare-System/Healthcare/pom.xml.
2017-07-14 11:43:05,903 [Worker-3] INFO  o.e.m.c.i.l.LifecycleMappingFactory - Using NULL lifecycle mapping for MavenProject: com.sample:Healthcare-System:1.0.0 @ /Users/nuwanw/wso2/git/nuwanw/sample-code/workspace/Healthcare-System/pom.xml.
2017-07-14 11:43:05,905 [Worker-3] INFO  o.e.m.c.i.l.LifecycleMappingFactory - Using NULL lifecycle mapping for MavenProject: com.example.HealthcareRegistry:HealthcareRegistry:1.0.0 @ /Users/nuwanw/wso2/git/nuwanw/sample-code/workspace/Healthcare-System/HealthcareRegistry/pom.xml.
2017-07-14 11:44:52,642 [Worker-15] INFO  o.e.m.c.i.l.LifecycleMappingFactory - Using NULL lifecycle mapping for MavenProject: com.sample:Healthcare-System:1.0.0 @ /Users/nuwanw/wso2/git/nuwanw/sample-code/workspace/Healthcare-System/pom.xml.
2017-07-17 17:12:42,036 [Worker-330] INFO  o.e.m.c.i.e.AbstractTransferListenerAdapter - Downloading http://maven.wso2.org/nexus/content/groups/wso2-public/org/wso2/maven/wso2-esb-task-plugin/2.1.0/wso2-esb-task-plugin-2.1.0.pom
2017-07-17 17:12:42,345 [Worker-330] INFO  o.e.m.c.i.e.AbstractTransferListenerAdapter - Downloaded http://maven.wso2.org/nexus/content/groups/wso2-public/org/wso2/maven/wso2-esb-task-plugin/2.1.0/wso2-esb-task-plugin-2.1.0.pom
2017-07-17 17:12:42,732 [Worker-330] INFO  o.e.m.c.i.e.AbstractTransferListenerAdapter - Downloading http://maven.wso2.org/nexus/content/groups/wso2-public/org/wso2/maven/wso2-esb-task-plugin/2.1.0/wso2-esb-task-plugin-2.1.0.jar
2017-07-17 17:12:43,035 [Worker-330] INFO  o.e.m.c.i.e.AbstractTransferListenerAdapter - Downloaded http://maven.wso2.org/nexus/content/groups/wso2-public/org/wso2/maven/wso2-esb-task-plugin/2.1.0/wso2-esb-task-plugin-2.1.0.jar
2017-07-17 17:12:43,227 [Worker-330] INFO  o.e.m.c.i.l.LifecycleMappingFactory - Using NULL lifecycle mapping for MavenProject: com.example.Healthcare:Healthcare:1.0.0 @ /Users/nuwanw/wso2/git/nuwanw/sample-code/workspace/Healthcare-System/Healthcare/pom.xml.
2017-07-19 13:05:18,006 [Worker-826] INFO  o.e.m.c.i.e.AbstractTransferListenerAdapter - Downloading http://maven.wso2.org/nexus/content/groups/wso2-public/org/wso2/maven/wso2-esb-template-plugin/2.1.0/wso2-esb-template-plugin-2.1.0.pom
2017-07-19 13:05:18,177 [Worker-826] INFO  o.e.m.c.i.e.AbstractTransferListenerAdapter - Downloaded http://maven.wso2.org/nexus/content/groups/wso2-public/org/wso2/maven/wso2-esb-template-plugin/2.1.0/wso2-esb-template-plugin-2.1.0.pom
2017-07-19 13:05:18,454 [Worker-826] INFO  o.e.m.c.i.e.AbstractTransferListenerAdapter - Downloading http://maven.wso2.org/nexus/content/groups/wso2-public/org/wso2/maven/wso2-esb-template-plugin/2.1.0/wso2-esb-template-plugin-2.1.0.jar
2017-07-19 13:05:18,857 [Worker-826] INFO  o.e.m.c.i.e.AbstractTransferListenerAdapter - Downloaded http://maven.wso2.org/nexus/content/groups/wso2-public/org/wso2/maven/wso2-esb-template-plugin/2.1.0/wso2-esb-template-plugin-2.1.0.jar
2017-07-19 13:05:19,226 [Worker-826] INFO  o.e.m.c.i.l.LifecycleMappingFactory - Using NULL lifecycle mapping for MavenProject: com.example.Healthcare:Healthcare:1.0.0 @ /Users/nuwanw/wso2/git/nuwanw/sample-code/workspace/Healthcare-System/Healthcare/pom.xml.
2017-07-19 18:30:32,801 [Worker-931] INFO  o.e.m.c.i.l.LifecycleMappingFactory - Using NULL lifecycle mapping for MavenProject: com.sample:Healthcare-System:1.0.0 @ /Users/nuwanw/wso2/git/nuwanw/sample-code/workspace/Healthcare-System/pom.xml.
2017-07-19 18:37:23,027 [Worker-918] INFO  o.e.m.c.i.e.AbstractTransferListenerAdapter - Downloading http://maven.wso2.org/nexus/content/groups/wso2-public/org/wso2/maven/wso2-esb-messagestore-plugin/1.1.0/wso2-esb-messagestore-plugin-1.1.0.pom
2017-07-19 18:37:23,444 [Worker-918] INFO  o.e.m.c.i.e.AbstractTransferListenerAdapter - Downloaded http://maven.wso2.org/nexus/content/groups/wso2-public/org/wso2/maven/wso2-esb-messagestore-plugin/1.1.0/wso2-esb-messagestore-plugin-1.1.0.pom
2017-07-19 18:37:23,859 [Worker-918] INFO  o.e.m.c.i.e.AbstractTransferListenerAdapter - Downloading http://maven.wso2.org/nexus/content/groups/wso2-public/org/wso2/maven/wso2-esb-messagestore-plugin/1.1.0/wso2-esb-messagestore-plugin-1.1.0.jar
2017-07-19 18:37:24,279 [Worker-918] INFO  o.e.m.c.i.e.AbstractTransferListenerAdapter - Downloaded http://maven.wso2.org/nexus/content/groups/wso2-public/org/wso2/maven/wso2-esb-messagestore-plugin/1.1.0/wso2-esb-messagestore-plugin-1.1.0.jar
2017-07-19 18:37:24,418 [Worker-918] INFO  o.e.m.c.i.l.LifecycleMappingFactory - Using NULL lifecycle mapping for MavenProject: com.example.Healthcare:Healthcare:1.0.0 @ /Users/nuwanw/wso2/git/nuwanw/sample-code/workspace/Healthcare-System/Healthcare/pom.xml.
2017-07-19 18:47:44,684 [Worker-918] INFO  o.e.m.c.i.e.AbstractTransferListenerAdapter - Downloading http://maven.wso2.org/nexus/content/groups/wso2-public/org/wso2/maven/wso2-esb-messageprocessor-plugin/1.1.0/wso2-esb-messageprocessor-plugin-1.1.0.pom
2017-07-19 18:47:44,970 [Worker-918] INFO  o.e.m.c.i.e.AbstractTransferListenerAdapter - Downloaded http://maven.wso2.org/nexus/content/groups/wso2-public/org/wso2/maven/wso2-esb-messageprocessor-plugin/1.1.0/wso2-esb-messageprocessor-plugin-1.1.0.pom
2017-07-19 18:47:45,343 [Worker-918] INFO  o.e.m.c.i.e.AbstractTransferListenerAdapter - Downloading http://maven.wso2.org/nexus/content/groups/wso2-public/org/wso2/maven/wso2-esb-messageprocessor-plugin/1.1.0/wso2-esb-messageprocessor-plugin-1.1.0.jar
2017-07-19 18:47:45,621 [Worker-918] INFO  o.e.m.c.i.e.AbstractTransferListenerAdapter - Downloaded http://maven.wso2.org/nexus/content/groups/wso2-public/org/wso2/maven/wso2-esb-messageprocessor-plugin/1.1.0/wso2-esb-messageprocessor-plugin-1.1.0.jar
2017-07-19 18:47:45,690 [Worker-918] INFO  o.e.m.c.i.l.LifecycleMappingFactory - Using NULL lifecycle mapping for MavenProject: com.example.Healthcare:Healthcare:1.0.0 @ /Users/nuwanw/wso2/git/nuwanw/sample-code/workspace/Healthcare-System/Healthcare/pom.xml.
2017-07-24 11:53:41,209 [Worker-1455] INFO  o.e.m.c.i.l.LifecycleMappingFactory - Using NULL lifecycle mapping for MavenProject: com.sample:Healthcare-System:1.0.0 @ /Users/nuwanw/wso2/git/nuwanw/sample-code/workspace/Healthcare-System/pom.xml.
2017-07-25 11:13:58,979 [Worker-1668] INFO  o.e.m.c.i.l.LifecycleMappingFactory - Using NULL lifecycle mapping for MavenProject: com.sample:Healthcare-System:1.0.0 @ /Users/nuwanw/wso2/git/nuwanw/sample-code/workspace/Healthcare-System/pom.xml.
